\BOOKMARK [0][]{chapter.1}{Introduction To Organisation}{}% 1
\BOOKMARK [0][]{chapter.2}{Introduction to Project}{}% 2
\BOOKMARK [1][]{section.2.1}{Overview}{chapter.2}% 3
\BOOKMARK [2][]{subsection.2.1.1}{What is OSM?}{section.2.1}% 4
\BOOKMARK [2][]{subsection.2.1.2}{ Map production}{section.2.1}% 5
\BOOKMARK [2][]{subsection.2.1.3}{ Route planning}{section.2.1}% 6
\BOOKMARK [2][]{subsection.2.1.4}{Data storage}{section.2.1}% 7
\BOOKMARK [2][]{subsection.2.1.5}{What is NetworkX?}{section.2.1}% 8
\BOOKMARK [3][]{subsubsection.2.1.5.1}{NetworkX Basics}{subsection.2.1.5}% 9
\BOOKMARK [3][]{subsubsection.2.1.5.2}{Graphs}{subsection.2.1.5}% 10
\BOOKMARK [3][]{subsubsection.2.1.5.3}{Nodes and Edges}{subsection.2.1.5}% 11
\BOOKMARK [3][]{subsubsection.2.1.5.4}{Graph Creation}{subsection.2.1.5}% 12
\BOOKMARK [3][]{subsubsection.2.1.5.5}{Graph Reporting}{subsection.2.1.5}% 13
\BOOKMARK [3][]{subsubsection.2.1.5.6}{Algorithms}{subsection.2.1.5}% 14
\BOOKMARK [1][]{section.2.2}{User Requirement Analysis}{chapter.2}% 15
\BOOKMARK [1][]{section.2.3}{Feasibility Study}{chapter.2}% 16
\BOOKMARK [1][]{section.2.4}{Types of Feasibility}{chapter.2}% 17
\BOOKMARK [2][]{subsection.2.4.1}{Technical Feasibility}{section.2.4}% 18
\BOOKMARK [2][]{subsection.2.4.2}{Economic Feasibility}{section.2.4}% 19
\BOOKMARK [2][]{subsection.2.4.3}{Operational Feasibility}{section.2.4}% 20
\BOOKMARK [2][]{subsection.2.4.4}{Technological Feasibility}{section.2.4}% 21
\BOOKMARK [2][]{subsection.2.4.5}{Behavioral Feasibility}{section.2.4}% 22
\BOOKMARK [1][]{section.2.5}{Objective of Project}{chapter.2}% 23
\BOOKMARK [0][]{chapter.3}{Project Design}{}% 24
\BOOKMARK [1][]{section.3.1}{Software Requirement Analysis}{chapter.3}% 25
\BOOKMARK [2][]{subsection.3.1.1}{Functional Requirements}{section.3.1}% 26
\BOOKMARK [1][]{section.3.2}{Other Specifications}{chapter.3}% 27
\BOOKMARK [1][]{section.3.3}{Problem Formulation}{chapter.3}% 28
\BOOKMARK [1][]{section.3.4}{Facilities required for proposed work}{chapter.3}% 29
\BOOKMARK [2][]{subsection.3.4.1}{Hardware Requirements}{section.3.4}% 30
\BOOKMARK [2][]{subsection.3.4.2}{Software Requirements}{section.3.4}% 31
\BOOKMARK [1][]{section.3.5}{Methodology}{chapter.3}% 32
\BOOKMARK [1][]{section.3.6}{Project Work}{chapter.3}% 33
\BOOKMARK [0][]{chapter.4}{Development and Implementation}{}% 34
\BOOKMARK [1][]{section.4.1}{Introduction to tools}{chapter.4}% 35
\BOOKMARK [2][]{subsection.4.1.1}{Matplotlib}{section.4.1}% 36
\BOOKMARK [2][]{subsection.4.1.2}{OSMnx}{section.4.1}% 37
\BOOKMARK [2][]{subsection.4.1.3}{NetworkX}{section.4.1}% 38
\BOOKMARK [2][]{subsection.4.1.4}{GraphFrames}{section.4.1}% 39
\BOOKMARK [2][]{subsection.4.1.5}{Django}{section.4.1}% 40
\BOOKMARK [3][]{subsubsection.4.1.5.1}{What is Django?}{subsection.4.1.5}% 41
\BOOKMARK [3][]{subsubsection.4.1.5.2}{Where did it come from?}{subsection.4.1.5}% 42
\BOOKMARK [3][]{subsubsection.4.1.5.3}{How popular is Django?}{subsection.4.1.5}% 43
\BOOKMARK [3][]{subsubsection.4.1.5.4}{Is Django opinionated?}{subsection.4.1.5}% 44
\BOOKMARK [3][]{subsubsection.4.1.5.5}{What does Django code looks like?}{subsection.4.1.5}% 45
\BOOKMARK [2][]{subsection.4.1.6}{Apache Spark}{section.4.1}% 46
\BOOKMARK [3][]{subsubsection.4.1.6.1}{What is Spark?}{subsection.4.1.6}% 47
\BOOKMARK [3][]{subsubsection.4.1.6.2}{Hadoop and Spark}{subsection.4.1.6}% 48
\BOOKMARK [3][]{subsubsection.4.1.6.3}{Apache Spark and its components}{subsection.4.1.6}% 49
\BOOKMARK [3][]{subsubsection.4.1.6.4}{Spark SQL, DataFrames and Datasets}{subsection.4.1.6}% 50
\BOOKMARK [1][]{section.4.2}{ Introduction to OSM}{chapter.4}% 51
\BOOKMARK [1][]{section.4.3}{Ubuntu: An open source OS}{chapter.4}% 52
\BOOKMARK [2][]{subsection.4.3.1}{Installing Ubuntu}{section.4.3}% 53
\BOOKMARK [3][]{subsubsection.4.3.1.1}{Download Ubuntu}{subsection.4.3.1}% 54
\BOOKMARK [3][]{subsubsection.4.3.1.2}{Try before installing}{subsection.4.3.1}% 55
\BOOKMARK [3][]{subsubsection.4.3.1.3}{Install Ubuntu}{subsection.4.3.1}% 56
\BOOKMARK [1][]{section.4.4}{Introduction to Reveal-js \046 Reveal-md}{chapter.4}% 57
\BOOKMARK [2][]{subsection.4.4.1}{Installation of reveal-md}{section.4.4}% 58
\BOOKMARK [1][]{section.4.5}{Introduction to LaTeX}{chapter.4}% 59
\BOOKMARK [2][]{subsection.4.5.1}{Typesetting}{section.4.5}% 60
\BOOKMARK [1][]{section.4.6}{Introduction to Github}{chapter.4}% 61
\BOOKMARK [2][]{subsection.4.6.1}{What is Git?}{section.4.6}% 62
\BOOKMARK [2][]{subsection.4.6.2}{Installation of Git}{section.4.6}% 63
\BOOKMARK [2][]{subsection.4.6.3}{Various Git Commands}{section.4.6}% 64
\BOOKMARK [3][]{subsubsection.4.6.3.1}{Create Repositories}{subsection.4.6.3}% 65
\BOOKMARK [3][]{subsubsection.4.6.3.2}{Make Changes}{subsection.4.6.3}% 66
\BOOKMARK [3][]{subsubsection.4.6.3.3}{Group Changes}{subsection.4.6.3}% 67
\BOOKMARK [3][]{subsubsection.4.6.3.4}{Synchronize Changes}{subsection.4.6.3}% 68
\BOOKMARK [0][]{chapter.5}{Experimental Results and Comparison}{}% 69
\BOOKMARK [1][]{section.5.1}{Experimental Results}{chapter.5}% 70
\BOOKMARK [2][]{subsubsection.5.1.0.1}{Create Road Networks}{section.5.1}% 71
\BOOKMARK [3][]{subsubsection.5.1.0.2}{Create Road Networks}{subsubsection.5.1.0.1}% 72
\BOOKMARK [3][]{subsubsection.5.1.0.3}{Create Road Networks}{subsubsection.5.1.0.1}% 73
\BOOKMARK [1][]{section.5.2}{Conclusions}{chapter.5}% 74
\BOOKMARK [2][]{subsection.5.2.1}{When to use NetworkX}{section.5.2}% 75
\BOOKMARK [2][]{subsection.5.2.2}{When not to use NetworkX}{section.5.2}% 76
\BOOKMARK [2][]{subsection.5.2.3}{Isochrone Maps with OSMnx + Python}{section.5.2}% 77
\BOOKMARK [3][]{subsubsection.5.2.3.1}{Code for fig 5.5:}{subsection.5.2.3}% 78
\BOOKMARK [3][]{subsubsection.5.2.3.2}{Code for in fig 5.6}{subsection.5.2.3}% 79
\BOOKMARK [0][]{chapter.6}{Conclusion,Summary and Future Scope}{}% 80
\BOOKMARK [1][]{section.6.1}{Future Scope}{chapter.6}% 81
\BOOKMARK [1][]{section.6.2}{Technical and Managerial Lesson Learnt}{chapter.6}% 82
